#
# There is insufficient memory for the Java Runtime Environment to continue.
# Native memory allocation (mmap) failed to map 4128768 bytes for G1 virtual space
# Possible reasons:
#   The system is out of physical RAM or swap space
#   The process is running with CompressedOops enabled, and the Java Heap may be blocking the growth of the native heap
# Possible solutions:
#   Reduce memory load on the system
#   Increase physical memory or swap space
#   Check if swap backing store is full
#   Decrease Java heap size (-Xmx/-Xms)
#   Decrease number of Java threads
#   Decrease Java thread stack sizes (-Xss)
#   Set larger code cache with -XX:ReservedCodeCacheSize=
#   JVM is running with Zero Based Compressed Oops mode in which the Java heap is
#     placed in the first 32GB address space. The Java Heap base address is the
#     maximum limit for the native heap growth. Please use -XX:HeapBaseMinAddress
#     to set the Java Heap base and to place the Java Heap above 32GB virtual address.
# This output file may be truncated or incomplete.
#
#  Out of Memory Error (os_windows.cpp:3548), pid=11376, tid=9792
#
# JRE version:  (17.0.13+10) (build )
# Java VM: Java HotSpot(TM) 64-Bit Server VM (17.0.13+10-LTS-268, mixed mode, sharing, tiered, compressed oops, compressed class ptrs, g1 gc, windows-amd64)
# No core dump will be written. Minidumps are not enabled by default on client versions of Windows
#

---------------  S U M M A R Y ------------

Command Line: C:\Users\sowba\AppData\Local\Temp\surefire15702806741941203944\surefirebooter-20250712010625801_3.jar C:\Users\sowba\AppData\Local\Temp\surefire15702806741941203944 2025-07-12T01-06-24_961-jvmRun1 surefire-20250712010625801_1tmp surefire_0-20250712010625801_2tmp

Host: 11th Gen Intel(R) Core(TM) i3-1115G4 @ 3.00GHz, 4 cores, 15G,  Windows 11 , 64 bit Build 26100 (10.0.26100.4202)
Time: Sat Jul 12 01:06:26 2025 India Standard Time elapsed time: 0.020811 seconds (0d 0h 0m 0s)

---------------  T H R E A D  ---------------

Current thread (0x000001c916bb33b0):  JavaThread "Unknown thread" [_thread_in_vm, id=9792, stack(0x00000044e4a00000,0x00000044e4b00000)]

Stack: [0x00000044e4a00000,0x00000044e4b00000]
Native frames: (J=compiled Java code, j=interpreted, Vv=VM code, C=native code)
V  [jvm.dll+0x67a23a]
V  [jvm.dll+0x7da96d]
V  [jvm.dll+0x7dc2b3]
V  [jvm.dll+0x7dc923]
V  [jvm.dll+0x2450ef]
V  [jvm.dll+0x677279]
V  [jvm.dll+0x66bf22]
V  [jvm.dll+0x302006]
V  [jvm.dll+0x3095a6]
V  [jvm.dll+0x359ec8]
V  [jvm.dll+0x35a0cf]
V  [jvm.dll+0x2d90d8]
V  [jvm.dll+0x2da044]
V  [jvm.dll+0x7ace81]
V  [jvm.dll+0x367701]
V  [jvm.dll+0x78bcc9]
V  [jvm.dll+0x3ec9bf]
V  [jvm.dll+0x3ee5f1]
C  [jli.dll+0x5297]
C  [ucrtbase.dll+0x37b0]
C  [KERNEL32.DLL+0x2e8d7]
C  [ntdll.dll+0x3c34c]


---------------  P R O C E S S  ---------------

Threads class SMR info:
_java_thread_list=0x00007ffeae548a18, length=0, elements={
}

Java Threads: ( => current thread )

Other Threads:
  0x000001c916c1caa0 GCTaskThread "GC Thread#0" [stack: 0x00000044e4b00000,0x00000044e4c00000] [id=29456]
  0x000001c916c2d390 ConcurrentGCThread "G1 Main Marker" [stack: 0x00000044e4c00000,0x00000044e4d00000] [id=6996]
  0x000001c916c2f650 ConcurrentGCThread "G1 Conc#0" [stack: 0x00000044e4d00000,0x00000044e4e00000] [id=27376]

[error occurred during error reporting (printing all threads), id 0xc0000005, EXCEPTION_ACCESS_VIOLATION (0xc0000005) at pc=0x00007ffeadd79bc7]

VM state: not at safepoint (not fully initialized)

VM Mutex/Monitor currently owned by a thread:  ([mutex/lock_event])
[0x000001c916bb1d50] Heap_lock - owner thread: 0x000001c916bb33b0

Heap address: 0x0000000705800000, size: 4008 MB, Compressed Oops mode: Zero based, Oop shift amount: 3

CDS archive(s) mapped at: [0x0000000000000000-0x0000000000000000-0x0000000000000000), size 0, SharedBaseAddress: 0x0000000800000000, ArchiveRelocationMode: 1.
Narrow klass base: 0x0000000000000000, Narrow klass shift: 0, Narrow klass range: 0x0

GC Precious Log:
<Empty>

Heap:
 garbage-first heap   total 0K, used 0K [0x0000000705800000, 0x0000000800000000)
  region size 2048K, 0 young (0K), 0 survivors (0K)

[error occurred during error reporting (printing heap information), id 0xc0000005, EXCEPTION_ACCESS_VIOLATION (0xc0000005) at pc=0x00007ffeae163a29]

GC Heap History (0 events):
No events

Deoptimization events (0 events):
No events

Classes unloaded (0 events):
No events

Classes redefined (0 events):
No events

Internal exceptions (0 events):
No events

VM Operations (0 events):
No events

Events (1 events):
Event: 0.007 Loaded shared library C:\Program Files\Java\jdk-17\bin\java.dll


Dynamic libraries:
0x00007ff705be0000 - 0x00007ff705bf0000 	C:\Program Files\Java\jdk-17\bin\java.exe
0x00007fff8ce40000 - 0x00007fff8d0a5000 	C:\WINDOWS\SYSTEM32\ntdll.dll
0x00007fff8c1a0000 - 0x00007fff8c269000 	C:\WINDOWS\System32\KERNEL32.DLL
0x00007fff8a1d0000 - 0x00007fff8a5b8000 	C:\WINDOWS\System32\KERNELBASE.dll
0x00007fff8a770000 - 0x00007fff8a8bb000 	C:\WINDOWS\System32\ucrtbase.dll
0x00007fff868b0000 - 0x00007fff868cb000 	C:\Program Files\Java\jdk-17\bin\VCRUNTIME140.dll
0x00007fff868d0000 - 0x00007fff868e9000 	C:\Program Files\Java\jdk-17\bin\jli.dll
0x00007fff8ca20000 - 0x00007fff8cad3000 	C:\WINDOWS\System32\ADVAPI32.dll
0x00007fff8cae0000 - 0x00007fff8cb89000 	C:\WINDOWS\System32\msvcrt.dll
0x00007fff8b630000 - 0x00007fff8b6d6000 	C:\WINDOWS\System32\sechost.dll
0x00007fff8ada0000 - 0x00007fff8aeb5000 	C:\WINDOWS\System32\RPCRT4.dll
0x00007fff8c5b0000 - 0x00007fff8c77a000 	C:\WINDOWS\System32\USER32.dll
0x00007fff8a740000 - 0x00007fff8a767000 	C:\WINDOWS\System32\win32u.dll
0x00007fff8bfa0000 - 0x00007fff8bfcb000 	C:\WINDOWS\System32\GDI32.dll
0x00007fff8aaa0000 - 0x00007fff8abd7000 	C:\WINDOWS\System32\gdi32full.dll
0x00007fff8a9f0000 - 0x00007fff8aa93000 	C:\WINDOWS\System32\msvcp_win.dll
0x00007fff68530000 - 0x00007fff687ca000 	C:\WINDOWS\WinSxS\amd64_microsoft.windows.common-controls_6595b64144ccf1df_6.0.26100.4202_none_3e0698d4e335f517\COMCTL32.dll
0x00007fff76ae0000 - 0x00007fff76aeb000 	C:\WINDOWS\SYSTEM32\VERSION.dll
0x00007fff8b740000 - 0x00007fff8b770000 	C:\WINDOWS\System32\IMM32.DLL
0x00007fff868a0000 - 0x00007fff868ac000 	C:\Program Files\Java\jdk-17\bin\vcruntime140_1.dll
0x00007fff7b7b0000 - 0x00007fff7b83e000 	C:\Program Files\Java\jdk-17\bin\msvcp140.dll
0x00007ffeada90000 - 0x00007ffeae671000 	C:\Program Files\Java\jdk-17\bin\server\jvm.dll
0x00007fff8c780000 - 0x00007fff8c788000 	C:\WINDOWS\System32\PSAPI.DLL
0x00007fff56720000 - 0x00007fff5672a000 	C:\WINDOWS\SYSTEM32\WSOCK32.dll
0x00007fff8c790000 - 0x00007fff8c804000 	C:\WINDOWS\System32\WS2_32.dll
0x00007fff81790000 - 0x00007fff817c5000 	C:\WINDOWS\SYSTEM32\WINMM.dll
0x00007fff88d50000 - 0x00007fff88d6b000 	C:\WINDOWS\SYSTEM32\kernel.appcore.dll
0x00007fff86890000 - 0x00007fff8689a000 	C:\Program Files\Java\jdk-17\bin\jimage.dll
0x00007fff87470000 - 0x00007fff876b1000 	C:\WINDOWS\SYSTEM32\DBGHELP.DLL
0x00007fff8bc10000 - 0x00007fff8bf95000 	C:\WINDOWS\System32\combase.dll
0x00007fff8bfd0000 - 0x00007fff8c0b1000 	C:\WINDOWS\System32\OLEAUT32.dll
0x00007fff645c0000 - 0x00007fff645f9000 	C:\WINDOWS\SYSTEM32\dbgcore.DLL
0x00007fff8a8c0000 - 0x00007fff8a959000 	C:\WINDOWS\System32\bcryptPrimitives.dll
0x00007fff86860000 - 0x00007fff86885000 	C:\Program Files\Java\jdk-17\bin\java.dll

dbghelp: loaded successfully - version: 4.0.5 - missing functions: none
symbol engine: initialized successfully - sym options: 0x614 - pdb path: .;C:\Program Files\Java\jdk-17\bin;C:\WINDOWS\SYSTEM32;C:\WINDOWS\WinSxS\amd64_microsoft.windows.common-controls_6595b64144ccf1df_6.0.26100.4202_none_3e0698d4e335f517;C:\Program Files\Java\jdk-17\bin\server

VM Arguments:
java_command: C:\Users\sowba\AppData\Local\Temp\surefire15702806741941203944\surefirebooter-20250712010625801_3.jar C:\Users\sowba\AppData\Local\Temp\surefire15702806741941203944 2025-07-12T01-06-24_961-jvmRun1 surefire-20250712010625801_1tmp surefire_0-20250712010625801_2tmp
java_class_path (initial): C:\Users\sowba\AppData\Local\Temp\surefire15702806741941203944\surefirebooter-20250712010625801_3.jar
Launcher Type: SUN_STANDARD

[Global flags]
     intx CICompilerCount                          = 3                                         {product} {ergonomic}
     uint ConcGCThreads                            = 1                                         {product} {ergonomic}
     uint G1ConcRefinementThreads                  = 4                                         {product} {ergonomic}
   size_t G1HeapRegionSize                         = 2097152                                   {product} {ergonomic}
    uintx GCDrainStackTargetSize                   = 64                                        {product} {ergonomic}
   size_t InitialHeapSize                          = 264241152                                 {product} {ergonomic}
   size_t MarkStackSize                            = 4194304                                   {product} {ergonomic}
   size_t MaxHeapSize                              = 4202692608                                {product} {ergonomic}
   size_t MinHeapDeltaBytes                        = 2097152                                   {product} {ergonomic}
   size_t MinHeapSize                              = 8388608                                   {product} {ergonomic}
    uintx NonNMethodCodeHeapSize                   = 5832780                                {pd product} {ergonomic}
    uintx NonProfiledCodeHeapSize                  = 122912730                              {pd product} {ergonomic}
    uintx ProfiledCodeHeapSize                     = 122912730                              {pd product} {ergonomic}
    uintx ReservedCodeCacheSize                    = 251658240                              {pd product} {ergonomic}
     bool SegmentedCodeCache                       = true                                      {product} {ergonomic}
   size_t SoftMaxHeapSize                          = 4202692608                             {manageable} {ergonomic}
     bool UseCompressedClassPointers               = true                           {product lp64_product} {ergonomic}
     bool UseCompressedOops                        = true                           {product lp64_product} {ergonomic}
     bool UseG1GC                                  = true                                      {product} {ergonomic}
     bool UseLargePagesIndividualAllocation        = false                                  {pd product} {ergonomic}

Logging:
Log output configuration:
 #0: stdout all=warning uptime,level,tags
 #1: stderr all=off uptime,level,tags

Environment Variables:
PATH=C:/Users/sowba/.p2/pool/plugins/org.eclipse.justj.openjdk.hotspot.jre.full.win32.x86_64_23.0.2.v20250131-0604/jre/bin/server;C:/Users/sowba/.p2/pool/plugins/org.eclipse.justj.openjdk.hotspot.jre.full.win32.x86_64_23.0.2.v20250131-0604/jre/bin;C:\Python313\Scripts\;C:\Python313\;C:\Program Files\Java\jdk-17\bin;C:\WINDOWS\system32;C:\WINDOWS;C:\WINDOWS\System32\Wbem;C:\WINDOWS\System32\WindowsPowerShell\v1.0\;C:\WINDOWS\System32\OpenSSH\;C:\Program Files\HP\HP One Agent;C:\Program Files\dotnet\;C:\Program Files (x86)\IVI Foundation\VISA\WinNT\Bin\;C:\Program Files\IVI Foundation\VISA\Win64\Bin\;C:\Program Files (x86)\IVI Foundation\VISA\WinNT\Bin;C:\Program Files (x86)\IVI Foundation\IVI\Bin\;C:\Program Files\IVI Foundation\IVI\Bin\;C:\Program Files\Java\jdk-22\bin;C:\Program Files\Java\jre1.8.0_421\bin;C:\Program Files\nodejs\;C:\ProgramData\chocolatey\bin;C:\WINDOWS\system32;C:\WINDOWS;C:\WINDOWS\System32\Wbem;C:\WINDOWS\System32\WindowsPowerShell\v1.0\;C:\WINDOWS\System32\OpenSSH\;C:\Program Files (x86)\Microsoft SQL Server\160\DTS\Binn\;C:\Program Files (x86)\Microsoft SQL Server\160\Tools\Binn\;C:\Program Files\Microsoft SQL Server\160\Tools\Binn\;C:\Program Files\Microsoft SQL Server\Client SDK\ODBC\170\Tools\Binn\;C:\Program Files\Microsoft SQL Server\160\DTS\Binn\;C:\Program Files\Azure Data Studio\bin;C:\Program Files\Git\cmd;D:\apps\maven\apache-maven-3.9.10\bin;C:\Program Files\MySQL\MySQL Shell 8.0\bin\;C:\Users\sowba\OneDrive\Desktop\python\Scripts\;C:\Users\sowba\OneDrive\Desktop\python\;C:\Users\sowba\AppData\Local\Microsoft\WindowsApps;C:\Users\sowba\AppData\Local\Programs\Microsoft VS Code\bin;C:\platform-tools;C:\Users\sowba\AppData\Roaming\npm;;C:\Program Files\Azure Data Studio\bin;C:\WINDOWS\system32;
USERNAME=sowbi
OS=Windows_NT
PROCESSOR_IDENTIFIER=Intel64 Family 6 Model 140 Stepping 1, GenuineIntel



---------------  S Y S T E M  ---------------

OS:
 Windows 11 , 64 bit Build 26100 (10.0.26100.4202)
OS uptime: 0 days 15:09 hours
Hyper-V role detected

CPU: total 4 (initial active 4) (2 cores per cpu, 2 threads per core) family 6 model 140 stepping 1 microcode 0xb4, cx8, cmov, fxsr, ht, mmx, 3dnowpref, sse, sse2, sse3, ssse3, sse4.1, sse4.2, popcnt, lzcnt, tsc, tscinvbit, avx, avx2, aes, erms, clmul, bmi1, bmi2, adx, avx512f, avx512dq, avx512cd, avx512bw, avx512vl, sha, fma, vzeroupper, avx512_vpopcntdq, avx512_vpclmulqdq, avx512_vaes, avx512_vnni, clflush, clflushopt, clwb, avx512_vbmi2, avx512_vbmi, hv

Memory: 4k page, system-wide physical 16026M (1815M free)
TotalPageFile size 25353M (AvailPageFile size 6M)
current process WorkingSet (physical memory assigned to process): 12M, peak: 12M
current process commit charge ("private bytes"): 308M, peak: 312M

vm_info: Java HotSpot(TM) 64-Bit Server VM (17.0.13+10-LTS-268) for windows-amd64 JRE (17.0.13+10-LTS-268), built on Sep 30 2024 06:33:13 by "mach5one" with MS VC++ 17.6 (VS2022)

END.
