#
# There is insufficient memory for the Java Runtime Environment to continue.
# Native memory allocation (mmap) failed to map 65536 bytes for Failed to commit metaspace.
# Possible reasons:
#   The system is out of physical RAM or swap space
#   The process is running with CompressedOops enabled, and the Java Heap may be blocking the growth of the native heap
# Possible solutions:
#   Reduce memory load on the system
#   Increase physical memory or swap space
#   Check if swap backing store is full
#   Decrease Java heap size (-Xmx/-Xms)
#   Decrease number of Java threads
#   Decrease Java thread stack sizes (-Xss)
#   Set larger code cache with -XX:ReservedCodeCacheSize=
#   JVM is running with Zero Based Compressed Oops mode in which the Java heap is
#     placed in the first 32GB address space. The Java Heap base address is the
#     maximum limit for the native heap growth. Please use -XX:HeapBaseMinAddress
#     to set the Java Heap base and to place the Java Heap above 32GB virtual address.
# This output file may be truncated or incomplete.
#
#  Out of Memory Error (virtualSpaceNode.cpp:110), pid=32072, tid=33144
#
# JRE version: Java(TM) SE Runtime Environment (17.0.13+10) (build 17.0.13+10-LTS-268)
# Java VM: Java HotSpot(TM) 64-Bit Server VM (17.0.13+10-LTS-268, mixed mode, tiered, compressed oops, compressed class ptrs, g1 gc, windows-amd64)
# No core dump will be written. Minidumps are not enabled by default on client versions of Windows
#

---------------  S U M M A R Y ------------

Command Line: -Dserver.port=9006 -Dfile.encoding=UTF-8 -Dstdout.encoding=UTF-8 -Dstderr.encoding=UTF-8 -XX:+ShowCodeDetailsInExceptionMessages com.cognizant.springlearn.springlearnrestapi.SpringLearnRestApiApplication

Host: 11th Gen Intel(R) Core(TM) i3-1115G4 @ 3.00GHz, 4 cores, 15G,  Windows 11 , 64 bit Build 26100 (10.0.26100.4202)
Time: Sat Jul 12 09:48:33 2025 India Standard Time elapsed time: 0.240186 seconds (0d 0h 0m 0s)

---------------  T H R E A D  ---------------

Current thread (0x000001c339f14970):  JavaThread "main" [_thread_in_vm, id=33144, stack(0x0000000fb5900000,0x0000000fb5a00000)]

Stack: [0x0000000fb5900000,0x0000000fb5a00000]
Native frames: (J=compiled Java code, j=interpreted, Vv=VM code, C=native code)
V  [jvm.dll+0x67a23a]
V  [jvm.dll+0x7da96d]
V  [jvm.dll+0x7dc2b3]
V  [jvm.dll+0x7dc923]
V  [jvm.dll+0x2450ef]
V  [jvm.dll+0x7d653b]
V  [jvm.dll+0x6208b6]
V  [jvm.dll+0x62091a]
V  [jvm.dll+0x62313d]
V  [jvm.dll+0x621276]
V  [jvm.dll+0x23a881]
V  [jvm.dll+0x1e8ce7]
V  [jvm.dll+0x1de8a1]
V  [jvm.dll+0x53f90c]
V  [jvm.dll+0x1ef22a]
V  [jvm.dll+0x754add]
V  [jvm.dll+0x755ef6]
V  [jvm.dll+0x756685]
V  [jvm.dll+0x1e6a7a]
V  [jvm.dll+0x1e90c7]
V  [jvm.dll+0x1de8a1]
V  [jvm.dll+0x53f90c]
V  [jvm.dll+0x1ef22a]
V  [jvm.dll+0x754add]
V  [jvm.dll+0x755ef6]
V  [jvm.dll+0x756228]
V  [jvm.dll+0x23d19b]
V  [jvm.dll+0x37d1fe]
C  0x000001c348d2b750

Java frames: (J=compiled Java code, j=interpreted, Vv=VM code)
j  java.util.Spliterators.<clinit>()V+30 java.base@17.0.13
v  ~StubRoutines::call_stub
j  java.util.concurrent.CopyOnWriteArrayList.spliterator()Ljava/util/Spliterator;+7 java.base@17.0.13
j  java.util.Collection.stream()Ljava/util/stream/Stream;+1 java.base@17.0.13
j  java.lang.ModuleLayer.layers(Ljava/lang/ClassLoader;)Ljava/util/stream/Stream;+16 java.base@17.0.13
j  java.lang.System$2.layers(Ljava/lang/ClassLoader;)Ljava/util/stream/Stream;+1 java.base@17.0.13
j  java.util.ServiceLoader$ModuleServicesLookupIterator.iteratorFor(Ljava/lang/ClassLoader;)Ljava/util/Iterator;+75 java.base@17.0.13
j  java.util.ServiceLoader$ModuleServicesLookupIterator.<init>(Ljava/util/ServiceLoader;)V+23 java.base@17.0.13
j  java.util.ServiceLoader.newLookupIterator()Ljava/util/Iterator;+49 java.base@17.0.13
j  java.util.ServiceLoader.iterator()Ljava/util/Iterator;+9 java.base@17.0.13
j  org.slf4j.LoggerFactory.findServiceProviders()Ljava/util/List;+20
j  org.slf4j.LoggerFactory.bind()V+0
j  org.slf4j.LoggerFactory.performInitialization()V+0
j  org.slf4j.LoggerFactory.getProvider()Lorg/slf4j/spi/SLF4JServiceProvider;+21
j  org.slf4j.LoggerFactory.getILoggerFactory()Lorg/slf4j/ILoggerFactory;+0
j  org.slf4j.LoggerFactory.getLogger(Ljava/lang/String;)Lorg/slf4j/Logger;+0
j  org.apache.commons.logging.LogAdapter$Slf4jAdapter.createLocationAwareLog(Ljava/lang/String;)Lorg/apache/commons/logging/Log;+1
j  org.apache.commons.logging.LogAdapter$$Lambda$1+0x0000000800005ab8.apply(Ljava/lang/Object;)Ljava/lang/Object;+4
j  org.apache.commons.logging.LogAdapter.createLog(Ljava/lang/String;)Lorg/apache/commons/logging/Log;+4
j  org.apache.commons.logging.LogFactory.getLog(Ljava/lang/String;)Lorg/apache/commons/logging/Log;+1
j  org.apache.commons.logging.LogFactory.getLog(Ljava/lang/Class;)Lorg/apache/commons/logging/Log;+4
j  org.springframework.boot.SpringApplication.<clinit>()V+2
v  ~StubRoutines::call_stub
j  com.cognizant.springlearn.springlearnrestapi.SpringLearnRestApiApplication.main([Ljava/lang/String;)V+3
v  ~StubRoutines::call_stub

---------------  P R O C E S S  ---------------

Threads class SMR info:
_java_thread_list=0x000001c35c45ce50, length=12, elements={
0x000001c339f14970, 0x000001c35c292260, 0x000001c35c2935c0, 0x000001c35c29bf70,
0x000001c35c29ca40, 0x000001c35c29dda0, 0x000001c35c2a0f10, 0x000001c35c266f50,
0x000001c35c267860, 0x000001c35c268910, 0x000001c35c436130, 0x000001c35c43e6f0
}

Java Threads: ( => current thread )
=>0x000001c339f14970 JavaThread "main" [_thread_in_vm, id=33144, stack(0x0000000fb5900000,0x0000000fb5a00000)]
  0x000001c35c292260 JavaThread "Reference Handler" daemon [_thread_blocked, id=33156, stack(0x0000000fb6000000,0x0000000fb6100000)]
  0x000001c35c2935c0 JavaThread "Finalizer" daemon [_thread_blocked, id=24380, stack(0x0000000fb6100000,0x0000000fb6200000)]
  0x000001c35c29bf70 JavaThread "Signal Dispatcher" daemon [_thread_blocked, id=32944, stack(0x0000000fb6200000,0x0000000fb6300000)]
  0x000001c35c29ca40 JavaThread "Attach Listener" daemon [_thread_blocked, id=23884, stack(0x0000000fb6300000,0x0000000fb6400000)]
  0x000001c35c29dda0 JavaThread "Service Thread" daemon [_thread_blocked, id=32780, stack(0x0000000fb6400000,0x0000000fb6500000)]
  0x000001c35c2a0f10 JavaThread "Monitor Deflation Thread" daemon [_thread_blocked, id=30728, stack(0x0000000fb6500000,0x0000000fb6600000)]
  0x000001c35c266f50 JavaThread "C2 CompilerThread0" daemon [_thread_blocked, id=24120, stack(0x0000000fb6600000,0x0000000fb6700000)]
  0x000001c35c267860 JavaThread "C1 CompilerThread0" daemon [_thread_blocked, id=13796, stack(0x0000000fb6700000,0x0000000fb6800000)]
  0x000001c35c268910 JavaThread "Sweeper thread" daemon [_thread_blocked, id=32632, stack(0x0000000fb6800000,0x0000000fb6900000)]
  0x000001c35c436130 JavaThread "Notification Thread" daemon [_thread_blocked, id=23880, stack(0x0000000fb6900000,0x0000000fb6a00000)]
  0x000001c35c43e6f0 JavaThread "Common-Cleaner" daemon [_thread_blocked, id=24444, stack(0x0000000fb6b00000,0x0000000fb6c00000)]

Other Threads:
  0x000001c35c21c440 VMThread "VM Thread" [stack: 0x0000000fb5f00000,0x0000000fb6000000] [id=33684]
  0x000001c35c43c450 WatcherThread [stack: 0x0000000fb6a00000,0x0000000fb6b00000] [id=8220]
  0x000001c339f802d0 GCTaskThread "GC Thread#0" [stack: 0x0000000fb5a00000,0x0000000fb5b00000] [id=32788]
  0x000001c339f90e00 ConcurrentGCThread "G1 Main Marker" [stack: 0x0000000fb5b00000,0x0000000fb5c00000] [id=32856]
  0x000001c339f92b20 ConcurrentGCThread "G1 Conc#0" [stack: 0x0000000fb5c00000,0x0000000fb5d00000] [id=22432]
  0x000001c35bfa68e0 ConcurrentGCThread "G1 Refine#0" [stack: 0x0000000fb5d00000,0x0000000fb5e00000] [id=20492]
  0x000001c35bfa71b0 ConcurrentGCThread "G1 Service" [stack: 0x0000000fb5e00000,0x0000000fb5f00000] [id=33124]

Threads with active compile tasks:

VM state: not at safepoint (normal execution)

VM Mutex/Monitor currently owned by a thread:  ([mutex/lock_event])
[0x000001c339f11690] Metaspace_lock - owner thread: 0x000001c339f14970

Heap address: 0x0000000705800000, size: 4008 MB, Compressed Oops mode: Zero based, Oop shift amount: 3

CDS archive(s) not mapped
Compressed class space mapped at: 0x0000000800000000-0x0000000840000000, reserved size: 1073741824
Narrow klass base: 0x0000000800000000, Narrow klass shift: 0, Narrow klass range: 0x40000000

GC Precious Log:
 CPUs: 4 total, 4 available
 Memory: 16026M
 Large Page Support: Disabled
 NUMA Support: Disabled
 Compressed Oops: Enabled (Zero based)
 Heap Region Size: 2M
 Heap Min Capacity: 8M
 Heap Initial Capacity: 252M
 Heap Max Capacity: 4008M
 Pre-touch: Disabled
 Parallel Workers: 4
 Concurrent Workers: 1
 Concurrent Refinement Workers: 4
 Periodic GC: Disabled

Heap:
 garbage-first heap   total 258048K, used 4096K [0x0000000705800000, 0x0000000800000000)
  region size 2048K, 3 young (6144K), 0 survivors (0K)
 Metaspace       used 6423K, committed 6592K, reserved 1114112K
  class space    used 518K, committed 640K, reserved 1048576K

Heap Regions: E=young(eden), S=young(survivor), O=old, HS=humongous(starts), HC=humongous(continues), CS=collection set, F=free, OA=open archive, CA=closed archive, TAMS=top-at-mark-start (previous, next)
|   0|0x0000000705800000, 0x0000000705800000, 0x0000000705a00000|  0%| F|  |TAMS 0x0000000705800000, 0x0000000705800000| Untracked 
|   1|0x0000000705a00000, 0x0000000705a00000, 0x0000000705c00000|  0%| F|  |TAMS 0x0000000705a00000, 0x0000000705a00000| Untracked 
|   2|0x0000000705c00000, 0x0000000705c00000, 0x0000000705e00000|  0%| F|  |TAMS 0x0000000705c00000, 0x0000000705c00000| Untracked 
|   3|0x0000000705e00000, 0x0000000705e00000, 0x0000000706000000|  0%| F|  |TAMS 0x0000000705e00000, 0x0000000705e00000| Untracked 
|   4|0x0000000706000000, 0x0000000706000000, 0x0000000706200000|  0%| F|  |TAMS 0x0000000706000000, 0x0000000706000000| Untracked 
|   5|0x0000000706200000, 0x0000000706200000, 0x0000000706400000|  0%| F|  |TAMS 0x0000000706200000, 0x0000000706200000| Untracked 
|   6|0x0000000706400000, 0x0000000706400000, 0x0000000706600000|  0%| F|  |TAMS 0x0000000706400000, 0x0000000706400000| Untracked 
|   7|0x0000000706600000, 0x0000000706600000, 0x0000000706800000|  0%| F|  |TAMS 0x0000000706600000, 0x0000000706600000| Untracked 
|   8|0x0000000706800000, 0x0000000706800000, 0x0000000706a00000|  0%| F|  |TAMS 0x0000000706800000, 0x0000000706800000| Untracked 
|   9|0x0000000706a00000, 0x0000000706a00000, 0x0000000706c00000|  0%| F|  |TAMS 0x0000000706a00000, 0x0000000706a00000| Untracked 
|  10|0x0000000706c00000, 0x0000000706c00000, 0x0000000706e00000|  0%| F|  |TAMS 0x0000000706c00000, 0x0000000706c00000| Untracked 
|  11|0x0000000706e00000, 0x0000000706e00000, 0x0000000707000000|  0%| F|  |TAMS 0x0000000706e00000, 0x0000000706e00000| Untracked 
|  12|0x0000000707000000, 0x0000000707000000, 0x0000000707200000|  0%| F|  |TAMS 0x0000000707000000, 0x0000000707000000| Untracked 
|  13|0x0000000707200000, 0x0000000707200000, 0x0000000707400000|  0%| F|  |TAMS 0x0000000707200000, 0x0000000707200000| Untracked 
|  14|0x0000000707400000, 0x0000000707400000, 0x0000000707600000|  0%| F|  |TAMS 0x0000000707400000, 0x0000000707400000| Untracked 
|  15|0x0000000707600000, 0x0000000707600000, 0x0000000707800000|  0%| F|  |TAMS 0x0000000707600000, 0x0000000707600000| Untracked 
|  16|0x0000000707800000, 0x0000000707800000, 0x0000000707a00000|  0%| F|  |TAMS 0x0000000707800000, 0x0000000707800000| Untracked 
|  17|0x0000000707a00000, 0x0000000707a00000, 0x0000000707c00000|  0%| F|  |TAMS 0x0000000707a00000, 0x0000000707a00000| Untracked 
|  18|0x0000000707c00000, 0x0000000707c00000, 0x0000000707e00000|  0%| F|  |TAMS 0x0000000707c00000, 0x0000000707c00000| Untracked 
|  19|0x0000000707e00000, 0x0000000707e00000, 0x0000000708000000|  0%| F|  |TAMS 0x0000000707e00000, 0x0000000707e00000| Untracked 
|  20|0x0000000708000000, 0x0000000708000000, 0x0000000708200000|  0%| F|  |TAMS 0x0000000708000000, 0x0000000708000000| Untracked 
|  21|0x0000000708200000, 0x0000000708200000, 0x0000000708400000|  0%| F|  |TAMS 0x0000000708200000, 0x0000000708200000| Untracked 
|  22|0x0000000708400000, 0x0000000708400000, 0x0000000708600000|  0%| F|  |TAMS 0x0000000708400000, 0x0000000708400000| Untracked 
|  23|0x0000000708600000, 0x0000000708600000, 0x0000000708800000|  0%| F|  |TAMS 0x0000000708600000, 0x0000000708600000| Untracked 
|  24|0x0000000708800000, 0x0000000708800000, 0x0000000708a00000|  0%| F|  |TAMS 0x0000000708800000, 0x0000000708800000| Untracked 
|  25|0x0000000708a00000, 0x0000000708a00000, 0x0000000708c00000|  0%| F|  |TAMS 0x0000000708a00000, 0x0000000708a00000| Untracked 
|  26|0x0000000708c00000, 0x0000000708c00000, 0x0000000708e00000|  0%| F|  |TAMS 0x0000000708c00000, 0x0000000708c00000| Untracked 
|  27|0x0000000708e00000, 0x0000000708e00000, 0x0000000709000000|  0%| F|  |TAMS 0x0000000708e00000, 0x0000000708e00000| Untracked 
|  28|0x0000000709000000, 0x0000000709000000, 0x0000000709200000|  0%| F|  |TAMS 0x0000000709000000, 0x0000000709000000| Untracked 
|  29|0x0000000709200000, 0x0000000709200000, 0x0000000709400000|  0%| F|  |TAMS 0x0000000709200000, 0x0000000709200000| Untracked 
|  30|0x0000000709400000, 0x0000000709400000, 0x0000000709600000|  0%| F|  |TAMS 0x0000000709400000, 0x0000000709400000| Untracked 
|  31|0x0000000709600000, 0x0000000709600000, 0x0000000709800000|  0%| F|  |TAMS 0x0000000709600000, 0x0000000709600000| Untracked 
|  32|0x0000000709800000, 0x0000000709800000, 0x0000000709a00000|  0%| F|  |TAMS 0x0000000709800000, 0x0000000709800000| Untracked 
|  33|0x0000000709a00000, 0x0000000709a00000, 0x0000000709c00000|  0%| F|  |TAMS 0x0000000709a00000, 0x0000000709a00000| Untracked 
|  34|0x0000000709c00000, 0x0000000709c00000, 0x0000000709e00000|  0%| F|  |TAMS 0x0000000709c00000, 0x0000000709c00000| Untracked 
|  35|0x0000000709e00000, 0x0000000709e00000, 0x000000070a000000|  0%| F|  |TAMS 0x0000000709e00000, 0x0000000709e00000| Untracked 
|  36|0x000000070a000000, 0x000000070a000000, 0x000000070a200000|  0%| F|  |TAMS 0x000000070a000000, 0x000000070a000000| Untracked 
|  37|0x000000070a200000, 0x000000070a200000, 0x000000070a400000|  0%| F|  |TAMS 0x000000070a200000, 0x000000070a200000| Untracked 
|  38|0x000000070a400000, 0x000000070a400000, 0x000000070a600000|  0%| F|  |TAMS 0x000000070a400000, 0x000000070a400000| Untracked 
|  39|0x000000070a600000, 0x000000070a600000, 0x000000070a800000|  0%| F|  |TAMS 0x000000070a600000, 0x000000070a600000| Untracked 
|  40|0x000000070a800000, 0x000000070a800000, 0x000000070aa00000|  0%| F|  |TAMS 0x000000070a800000, 0x000000070a800000| Untracked 
|  41|0x000000070aa00000, 0x000000070aa00000, 0x000000070ac00000|  0%| F|  |TAMS 0x000000070aa00000, 0x000000070aa00000| Untracked 
|  42|0x000000070ac00000, 0x000000070ac00000, 0x000000070ae00000|  0%| F|  |TAMS 0x000000070ac00000, 0x000000070ac00000| Untracked 
|  43|0x000000070ae00000, 0x000000070ae00000, 0x000000070b000000|  0%| F|  |TAMS 0x000000070ae00000, 0x000000070ae00000| Untracked 
|  44|0x000000070b000000, 0x000000070b000000, 0x000000070b200000|  0%| F|  |TAMS 0x000000070b000000, 0x000000070b000000| Untracked 
|  45|0x000000070b200000, 0x000000070b200000, 0x000000070b400000|  0%| F|  |TAMS 0x000000070b200000, 0x000000070b200000| Untracked 
|  46|0x000000070b400000, 0x000000070b400000, 0x000000070b600000|  0%| F|  |TAMS 0x000000070b400000, 0x000000070b400000| Untracked 
|  47|0x000000070b600000, 0x000000070b600000, 0x000000070b800000|  0%| F|  |TAMS 0x000000070b600000, 0x000000070b600000| Untracked 
|  48|0x000000070b800000, 0x000000070b800000, 0x000000070ba00000|  0%| F|  |TAMS 0x000000070b800000, 0x000000070b800000| Untracked 
|  49|0x000000070ba00000, 0x000000070ba00000, 0x000000070bc00000|  0%| F|  |TAMS 0x000000070ba00000, 0x000000070ba00000| Untracked 
|  50|0x000000070bc00000, 0x000000070bc00000, 0x000000070be00000|  0%| F|  |TAMS 0x000000070bc00000, 0x000000070bc00000| Untracked 
|  51|0x000000070be00000, 0x000000070be00000, 0x000000070c000000|  0%| F|  |TAMS 0x000000070be00000, 0x000000070be00000| Untracked 
|  52|0x000000070c000000, 0x000000070c000000, 0x000000070c200000|  0%| F|  |TAMS 0x000000070c000000, 0x000000070c000000| Untracked 
|  53|0x000000070c200000, 0x000000070c200000, 0x000000070c400000|  0%| F|  |TAMS 0x000000070c200000, 0x000000070c200000| Untracked 
|  54|0x000000070c400000, 0x000000070c400000, 0x000000070c600000|  0%| F|  |TAMS 0x000000070c400000, 0x000000070c400000| Untracked 
|  55|0x000000070c600000, 0x000000070c600000, 0x000000070c800000|  0%| F|  |TAMS 0x000000070c600000, 0x000000070c600000| Untracked 
|  56|0x000000070c800000, 0x000000070c800000, 0x000000070ca00000|  0%| F|  |TAMS 0x000000070c800000, 0x000000070c800000| Untracked 
|  57|0x000000070ca00000, 0x000000070ca00000, 0x000000070cc00000|  0%| F|  |TAMS 0x000000070ca00000, 0x000000070ca00000| Untracked 
|  58|0x000000070cc00000, 0x000000070cc00000, 0x000000070ce00000|  0%| F|  |TAMS 0x000000070cc00000, 0x000000070cc00000| Untracked 
|  59|0x000000070ce00000, 0x000000070ce00000, 0x000000070d000000|  0%| F|  |TAMS 0x000000070ce00000, 0x000000070ce00000| Untracked 
|  60|0x000000070d000000, 0x000000070d000000, 0x000000070d200000|  0%| F|  |TAMS 0x000000070d000000, 0x000000070d000000| Untracked 
|  61|0x000000070d200000, 0x000000070d200000, 0x000000070d400000|  0%| F|  |TAMS 0x000000070d200000, 0x000000070d200000| Untracked 
|  62|0x000000070d400000, 0x000000070d400000, 0x000000070d600000|  0%| F|  |TAMS 0x000000070d400000, 0x000000070d400000| Untracked 
|  63|0x000000070d600000, 0x000000070d600000, 0x000000070d800000|  0%| F|  |TAMS 0x000000070d600000, 0x000000070d600000| Untracked 
|  64|0x000000070d800000, 0x000000070d800000, 0x000000070da00000|  0%| F|  |TAMS 0x000000070d800000, 0x000000070d800000| Untracked 
|  65|0x000000070da00000, 0x000000070da00000, 0x000000070dc00000|  0%| F|  |TAMS 0x000000070da00000, 0x000000070da00000| Untracked 
|  66|0x000000070dc00000, 0x000000070dc00000, 0x000000070de00000|  0%| F|  |TAMS 0x000000070dc00000, 0x000000070dc00000| Untracked 
|  67|0x000000070de00000, 0x000000070de00000, 0x000000070e000000|  0%| F|  |TAMS 0x000000070de00000, 0x000000070de00000| Untracked 
|  68|0x000000070e000000, 0x000000070e000000, 0x000000070e200000|  0%| F|  |TAMS 0x000000070e000000, 0x000000070e000000| Untracked 
|  69|0x000000070e200000, 0x000000070e200000, 0x000000070e400000|  0%| F|  |TAMS 0x000000070e200000, 0x000000070e200000| Untracked 
|  70|0x000000070e400000, 0x000000070e400000, 0x000000070e600000|  0%| F|  |TAMS 0x000000070e400000, 0x000000070e400000| Untracked 
|  71|0x000000070e600000, 0x000000070e600000, 0x000000070e800000|  0%| F|  |TAMS 0x000000070e600000, 0x000000070e600000| Untracked 
|  72|0x000000070e800000, 0x000000070e800000, 0x000000070ea00000|  0%| F|  |TAMS 0x000000070e800000, 0x000000070e800000| Untracked 
|  73|0x000000070ea00000, 0x000000070ea00000, 0x000000070ec00000|  0%| F|  |TAMS 0x000000070ea00000, 0x000000070ea00000| Untracked 
|  74|0x000000070ec00000, 0x000000070ec00000, 0x000000070ee00000|  0%| F|  |TAMS 0x000000070ec00000, 0x000000070ec00000| Untracked 
|  75|0x000000070ee00000, 0x000000070ee00000, 0x000000070f000000|  0%| F|  |TAMS 0x000000070ee00000, 0x000000070ee00000| Untracked 
|  76|0x000000070f000000, 0x000000070f000000, 0x000000070f200000|  0%| F|  |TAMS 0x000000070f000000, 0x000000070f000000| Untracked 
|  77|0x000000070f200000, 0x000000070f200000, 0x000000070f400000|  0%| F|  |TAMS 0x000000070f200000, 0x000000070f200000| Untracked 
|  78|0x000000070f400000, 0x000000070f400000, 0x000000070f600000|  0%| F|  |TAMS 0x000000070f400000, 0x000000070f400000| Untracked 
|  79|0x000000070f600000, 0x000000070f600000, 0x000000070f800000|  0%| F|  |TAMS 0x000000070f600000, 0x000000070f600000| Untracked 
|  80|0x000000070f800000, 0x000000070f800000, 0x000000070fa00000|  0%| F|  |TAMS 0x000000070f800000, 0x000000070f800000| Untracked 
|  81|0x000000070fa00000, 0x000000070fa00000, 0x000000070fc00000|  0%| F|  |TAMS 0x000000070fa00000, 0x000000070fa00000| Untracked 
|  82|0x000000070fc00000, 0x000000070fc00000, 0x000000070fe00000|  0%| F|  |TAMS 0x000000070fc00000, 0x000000070fc00000| Untracked 
|  83|0x000000070fe00000, 0x000000070fe00000, 0x0000000710000000|  0%| F|  |TAMS 0x000000070fe00000, 0x000000070fe00000| Untracked 
|  84|0x0000000710000000, 0x0000000710000000, 0x0000000710200000|  0%| F|  |TAMS 0x0000000710000000, 0x0000000710000000| Untracked 
|  85|0x0000000710200000, 0x0000000710200000, 0x0000000710400000|  0%| F|  |TAMS 0x0000000710200000, 0x0000000710200000| Untracked 
|  86|0x0000000710400000, 0x0000000710400000, 0x0000000710600000|  0%| F|  |TAMS 0x0000000710400000, 0x0000000710400000| Untracked 
|  87|0x0000000710600000, 0x0000000710600000, 0x0000000710800000|  0%| F|  |TAMS 0x0000000710600000, 0x0000000710600000| Untracked 
|  88|0x0000000710800000, 0x0000000710800000, 0x0000000710a00000|  0%| F|  |TAMS 0x0000000710800000, 0x0000000710800000| Untracked 
|  89|0x0000000710a00000, 0x0000000710a00000, 0x0000000710c00000|  0%| F|  |TAMS 0x0000000710a00000, 0x0000000710a00000| Untracked 
|  90|0x0000000710c00000, 0x0000000710c00000, 0x0000000710e00000|  0%| F|  |TAMS 0x0000000710c00000, 0x0000000710c00000| Untracked 
|  91|0x0000000710e00000, 0x0000000710e00000, 0x0000000711000000|  0%| F|  |TAMS 0x0000000710e00000, 0x0000000710e00000| Untracked 
|  92|0x0000000711000000, 0x0000000711000000, 0x0000000711200000|  0%| F|  |TAMS 0x0000000711000000, 0x0000000711000000| Untracked 
|  93|0x0000000711200000, 0x0000000711200000, 0x0000000711400000|  0%| F|  |TAMS 0x0000000711200000, 0x0000000711200000| Untracked 
|  94|0x0000000711400000, 0x0000000711400000, 0x0000000711600000|  0%| F|  |TAMS 0x0000000711400000, 0x0000000711400000| Untracked 
|  95|0x0000000711600000, 0x0000000711600000, 0x0000000711800000|  0%| F|  |TAMS 0x0000000711600000, 0x0000000711600000| Untracked 
|  96|0x0000000711800000, 0x0000000711800000, 0x0000000711a00000|  0%| F|  |TAMS 0x0000000711800000, 0x0000000711800000| Untracked 
|  97|0x0000000711a00000, 0x0000000711a00000, 0x0000000711c00000|  0%| F|  |TAMS 0x0000000711a00000, 0x0000000711a00000| Untracked 
|  98|0x0000000711c00000, 0x0000000711c00000, 0x0000000711e00000|  0%| F|  |TAMS 0x0000000711c00000, 0x0000000711c00000| Untracked 
|  99|0x0000000711e00000, 0x0000000711e00000, 0x0000000712000000|  0%| F|  |TAMS 0x0000000711e00000, 0x0000000711e00000| Untracked 
| 100|0x0000000712000000, 0x0000000712000000, 0x0000000712200000|  0%| F|  |TAMS 0x0000000712000000, 0x0000000712000000| Untracked 
| 101|0x0000000712200000, 0x0000000712200000, 0x0000000712400000|  0%| F|  |TAMS 0x0000000712200000, 0x0000000712200000| Untracked 
| 102|0x0000000712400000, 0x0000000712400000, 0x0000000712600000|  0%| F|  |TAMS 0x0000000712400000, 0x0000000712400000| Untracked 
| 103|0x0000000712600000, 0x0000000712600000, 0x0000000712800000|  0%| F|  |TAMS 0x0000000712600000, 0x0000000712600000| Untracked 
| 104|0x0000000712800000, 0x0000000712800000, 0x0000000712a00000|  0%| F|  |TAMS 0x0000000712800000, 0x0000000712800000| Untracked 
| 105|0x0000000712a00000, 0x0000000712a00000, 0x0000000712c00000|  0%| F|  |TAMS 0x0000000712a00000, 0x0000000712a00000| Untracked 
| 106|0x0000000712c00000, 0x0000000712c00000, 0x0000000712e00000|  0%| F|  |TAMS 0x0000000712c00000, 0x0000000712c00000| Untracked 
| 107|0x0000000712e00000, 0x0000000712e00000, 0x0000000713000000|  0%| F|  |TAMS 0x0000000712e00000, 0x0000000712e00000| Untracked 
| 108|0x0000000713000000, 0x0000000713000000, 0x0000000713200000|  0%| F|  |TAMS 0x0000000713000000, 0x0000000713000000| Untracked 
| 109|0x0000000713200000, 0x0000000713200000, 0x0000000713400000|  0%| F|  |TAMS 0x0000000713200000, 0x0000000713200000| Untracked 
| 110|0x0000000713400000, 0x0000000713400000, 0x0000000713600000|  0%| F|  |TAMS 0x0000000713400000, 0x0000000713400000| Untracked 
| 111|0x0000000713600000, 0x0000000713600000, 0x0000000713800000|  0%| F|  |TAMS 0x0000000713600000, 0x0000000713600000| Untracked 
| 112|0x0000000713800000, 0x0000000713800000, 0x0000000713a00000|  0%| F|  |TAMS 0x0000000713800000, 0x0000000713800000| Untracked 
| 113|0x0000000713a00000, 0x0000000713a00000, 0x0000000713c00000|  0%| F|  |TAMS 0x0000000713a00000, 0x0000000713a00000| Untracked 
| 114|0x0000000713c00000, 0x0000000713c00000, 0x0000000713e00000|  0%| F|  |TAMS 0x0000000713c00000, 0x0000000713c00000| Untracked 
| 115|0x0000000713e00000, 0x0000000713e00000, 0x0000000714000000|  0%| F|  |TAMS 0x0000000713e00000, 0x0000000713e00000| Untracked 
| 116|0x0000000714000000, 0x0000000714000000, 0x0000000714200000|  0%| F|  |TAMS 0x0000000714000000, 0x0000000714000000| Untracked 
| 117|0x0000000714200000, 0x0000000714200000, 0x0000000714400000|  0%| F|  |TAMS 0x0000000714200000, 0x0000000714200000| Untracked 
| 118|0x0000000714400000, 0x0000000714400000, 0x0000000714600000|  0%| F|  |TAMS 0x0000000714400000, 0x0000000714400000| Untracked 
| 119|0x0000000714600000, 0x0000000714600000, 0x0000000714800000|  0%| F|  |TAMS 0x0000000714600000, 0x0000000714600000| Untracked 
| 120|0x0000000714800000, 0x0000000714800000, 0x0000000714a00000|  0%| F|  |TAMS 0x0000000714800000, 0x0000000714800000| Untracked 
| 121|0x0000000714a00000, 0x0000000714a00000, 0x0000000714c00000|  0%| F|  |TAMS 0x0000000714a00000, 0x0000000714a00000| Untracked 
| 122|0x0000000714c00000, 0x0000000714c00000, 0x0000000714e00000|  0%| F|  |TAMS 0x0000000714c00000, 0x0000000714c00000| Untracked 
| 123|0x0000000714e00000, 0x0000000714e3df40, 0x0000000715000000| 12%| E|  |TAMS 0x0000000714e00000, 0x0000000714e00000| Complete 
| 124|0x0000000715000000, 0x0000000715200000, 0x0000000715200000|100%| E|CS|TAMS 0x0000000715000000, 0x0000000715000000| Complete 
| 125|0x0000000715200000, 0x0000000715400000, 0x0000000715400000|100%| E|CS|TAMS 0x0000000715200000, 0x0000000715200000| Complete 

Card table byte_map: [0x000001c350fc0000,0x000001c3517a0000] _byte_map_base: 0x000001c34d794000

Marking Bits (Prev, Next): (CMBitMap*) 0x000001c339f808f0, (CMBitMap*) 0x000001c339f80930
 Prev Bits: [0x000001c351f80000, 0x000001c355e20000)
 Next Bits: [0x000001c355e20000, 0x000001c359cc0000)

Polling page: 0x000001c337e30000

Metaspace:

Usage:
  Non-class:      5.77 MB used.
      Class:    518.03 KB used.
       Both:      6.27 MB used.

Virtual space:
  Non-class space:       64.00 MB reserved,       5.81 MB (  9%) committed,  1 nodes.
      Class space:        1.00 GB reserved,     640.00 KB ( <1%) committed,  1 nodes.
             Both:        1.06 GB reserved,       6.44 MB ( <1%) committed. 

Chunk freelists:
   Non-Class:  10.16 MB
       Class:  15.23 MB
        Both:  25.39 MB

MaxMetaspaceSize: unlimited
CompressedClassSpaceSize: 1.00 GB
Initial GC threshold: 21.00 MB
Current GC threshold: 21.00 MB
CDS: off
MetaspaceReclaimPolicy: balanced
 - commit_granule_bytes: 65536.
 - commit_granule_words: 8192.
 - virtual_space_node_default_size: 8388608.
 - enlarge_chunks_in_place: 1.
 - new_chunks_are_fully_committed: 0.
 - uncommit_free_chunks: 1.
 - use_allocation_guard: 0.
 - handle_deallocations: 1.


Internal statistics:

num_allocs_failed_limit: 0.
num_arena_births: 6.
num_arena_deaths: 0.
num_vsnodes_births: 2.
num_vsnodes_deaths: 0.
num_space_committed: 103.
num_space_uncommitted: 0.
num_chunks_returned_to_freelist: 0.
num_chunks_taken_from_freelist: 34.
num_chunk_merges: 0.
num_chunk_splits: 14.
num_chunks_enlarged: 10.
num_inconsistent_stats: 0.

CodeHeap 'non-profiled nmethods': size=120000Kb used=79Kb max_used=79Kb free=119920Kb
 bounds [0x000001c3492b0000, 0x000001c349520000, 0x000001c3507e0000]
CodeHeap 'profiled nmethods': size=120000Kb used=359Kb max_used=359Kb free=119641Kb
 bounds [0x000001c3417e0000, 0x000001c341a50000, 0x000001c348d10000]
CodeHeap 'non-nmethods': size=5760Kb used=1108Kb max_used=1122Kb free=4651Kb
 bounds [0x000001c348d10000, 0x000001c348f80000, 0x000001c3492b0000]
 total_blobs=635 nmethods=265 adapters=283
 compilation: enabled
              stopped_count=0, restarted_count=0
 full_count=0

Compilation events (20 events):
Event: 0.233 Thread 0x000001c35c267860  255       3       java.lang.ref.Cleaner$1::apply (9 bytes)
Event: 0.233 Thread 0x000001c35c267860 nmethod 255 0x000001c341834710 code [0x000001c3418348c0, 0x000001c341834b38]
Event: 0.233 Thread 0x000001c35c267860  253   !   3       java.util.zip.ZipFile::getMetaInfVersions (26 bytes)
Event: 0.233 Thread 0x000001c35c267860 nmethod 253 0x000001c341834c10 code [0x000001c341834dc0, 0x000001c341835008]
Event: 0.233 Thread 0x000001c35c267860  256       3       java.lang.ref.Cleaner$1::apply (5 bytes)
Event: 0.233 Thread 0x000001c35c267860 nmethod 256 0x000001c341835190 code [0x000001c341835320, 0x000001c341835438]
Event: 0.233 Thread 0x000001c35c267860  257       3       java.lang.ClassLoader::checkName (37 bytes)
Event: 0.234 Thread 0x000001c35c267860 nmethod 257 0x000001c341835510 code [0x000001c341835760, 0x000001c341836138]
Event: 0.234 Thread 0x000001c35c266f50  259       4       java.lang.StringLatin1::lastIndexOf (40 bytes)
Event: 0.234 Thread 0x000001c35c267860  260       3       sun.net.www.ParseUtil::firstEncodeIndex (86 bytes)
Event: 0.235 Thread 0x000001c35c267860 nmethod 260 0x000001c341836490 code [0x000001c3418366e0, 0x000001c3418370c8]
Event: 0.235 Thread 0x000001c35c267860  262       3       java.lang.Integer::stringSize (47 bytes)
Event: 0.236 Thread 0x000001c35c267860 nmethod 262 0x000001c341837490 code [0x000001c341837640, 0x000001c341837898]
Event: 0.236 Thread 0x000001c35c267860  264       3       java.util.jar.JarFile::getVersionedEntry (133 bytes)
Event: 0.236 Thread 0x000001c35c266f50 nmethod 259 0x000001c3492c3a90 code [0x000001c3492c3c00, 0x000001c3492c3db8]
Event: 0.236 Thread 0x000001c35c267860 nmethod 264 0x000001c341837990 code [0x000001c341837c60, 0x000001c341838a58]
Event: 0.236 Thread 0x000001c35c267860  263       3       java.lang.Integer::getChars (131 bytes)
Event: 0.237 Thread 0x000001c35c267860 nmethod 263 0x000001c341839010 code [0x000001c3418391e0, 0x000001c341839618]
Event: 0.237 Thread 0x000001c35c267860  265       3       java.lang.StringBuilder::append (8 bytes)
Event: 0.237 Thread 0x000001c35c267860 nmethod 265 0x000001c341839890 code [0x000001c341839a20, 0x000001c341839b68]

GC Heap History (0 events):
No events

Deoptimization events (4 events):
Event: 0.185 Thread 0x000001c339f14970 DEOPT PACKING pc=0x000001c3417f9c67 sp=0x0000000fb59f90a0
Event: 0.185 Thread 0x000001c339f14970 DEOPT UNPACKING pc=0x000001c348d666e3 sp=0x0000000fb59f84c0 mode 0
Event: 0.200 Thread 0x000001c339f14970 DEOPT PACKING pc=0x000001c3417e75d1 sp=0x0000000fb59f93b0
Event: 0.200 Thread 0x000001c339f14970 DEOPT UNPACKING pc=0x000001c348d666e3 sp=0x0000000fb59f8828 mode 0

Classes unloaded (0 events):
No events

Classes redefined (0 events):
No events

Internal exceptions (0 events):
No events

VM Operations (2 events):
Event: 0.159 Executing VM operation: HandshakeAllThreads
Event: 0.159 Executing VM operation: HandshakeAllThreads done

Events (20 events):
Event: 0.237 loading class java/util/Spliterators
Event: 0.238 loading class java/util/Spliterators done
Event: 0.238 loading class java/util/Spliterators$EmptySpliterator$OfRef
Event: 0.238 loading class java/util/Spliterator
Event: 0.238 loading class java/util/Spliterator done
Event: 0.238 loading class java/util/Spliterators$EmptySpliterator
Event: 0.238 loading class java/util/Spliterators$EmptySpliterator done
Event: 0.238 loading class java/util/Spliterators$EmptySpliterator$OfRef done
Event: 0.238 loading class java/util/Spliterators$EmptySpliterator$OfInt
Event: 0.238 loading class java/util/Spliterator$OfInt
Event: 0.238 loading class java/util/Spliterator$OfPrimitive
Event: 0.238 loading class java/util/Spliterator$OfPrimitive done
Event: 0.238 loading class java/util/Spliterator$OfInt done
Event: 0.238 loading class java/util/Spliterators$EmptySpliterator$OfInt done
Event: 0.238 loading class java/util/Spliterators$EmptySpliterator$OfLong
Event: 0.238 loading class java/util/Spliterator$OfLong
Event: 0.238 loading class java/util/Spliterator$OfLong done
Event: 0.238 loading class java/util/Spliterators$EmptySpliterator$OfLong done
Event: 0.238 loading class java/util/Spliterators$EmptySpliterator$OfDouble
Event: 0.238 loading class java/util/Spliterator$OfDouble


Dynamic libraries:
0x00007ff61ba70000 - 0x00007ff61ba80000 	C:\Program Files\Java\jdk-17\bin\javaw.exe
0x00007fff8ce40000 - 0x00007fff8d0a5000 	C:\WINDOWS\SYSTEM32\ntdll.dll
0x00007fff8c1a0000 - 0x00007fff8c269000 	C:\WINDOWS\System32\KERNEL32.DLL
0x00007fff8a1d0000 - 0x00007fff8a5b8000 	C:\WINDOWS\System32\KERNELBASE.dll
0x00007fff8a770000 - 0x00007fff8a8bb000 	C:\WINDOWS\System32\ucrtbase.dll
0x00007fff868d0000 - 0x00007fff868e9000 	C:\Program Files\Java\jdk-17\bin\jli.dll
0x00007fff868b0000 - 0x00007fff868cb000 	C:\Program Files\Java\jdk-17\bin\VCRUNTIME140.dll
0x00007fff8ca20000 - 0x00007fff8cad3000 	C:\WINDOWS\System32\ADVAPI32.dll
0x00007fff8cae0000 - 0x00007fff8cb89000 	C:\WINDOWS\System32\msvcrt.dll
0x00007fff8b630000 - 0x00007fff8b6d6000 	C:\WINDOWS\System32\sechost.dll
0x00007fff8ada0000 - 0x00007fff8aeb5000 	C:\WINDOWS\System32\RPCRT4.dll
0x00007fff8c5b0000 - 0x00007fff8c77a000 	C:\WINDOWS\System32\USER32.dll
0x00007fff68530000 - 0x00007fff687ca000 	C:\WINDOWS\WinSxS\amd64_microsoft.windows.common-controls_6595b64144ccf1df_6.0.26100.4202_none_3e0698d4e335f517\COMCTL32.dll
0x00007fff8bfa0000 - 0x00007fff8bfcb000 	C:\WINDOWS\System32\GDI32.dll
0x00007fff8a740000 - 0x00007fff8a767000 	C:\WINDOWS\System32\win32u.dll
0x00007fff8aaa0000 - 0x00007fff8abd7000 	C:\WINDOWS\System32\gdi32full.dll
0x00007fff8a9f0000 - 0x00007fff8aa93000 	C:\WINDOWS\System32\msvcp_win.dll
0x00007fff76ae0000 - 0x00007fff76aeb000 	C:\WINDOWS\SYSTEM32\VERSION.dll
0x00007fff8b740000 - 0x00007fff8b770000 	C:\WINDOWS\System32\IMM32.DLL
0x00007fff868a0000 - 0x00007fff868ac000 	C:\Program Files\Java\jdk-17\bin\vcruntime140_1.dll
0x00007fff7b7b0000 - 0x00007fff7b83e000 	C:\Program Files\Java\jdk-17\bin\msvcp140.dll
0x00007ffeada90000 - 0x00007ffeae671000 	C:\Program Files\Java\jdk-17\bin\server\jvm.dll
0x00007fff8c780000 - 0x00007fff8c788000 	C:\WINDOWS\System32\PSAPI.DLL
0x00007fff56720000 - 0x00007fff5672a000 	C:\WINDOWS\SYSTEM32\WSOCK32.dll
0x00007fff8c790000 - 0x00007fff8c804000 	C:\WINDOWS\System32\WS2_32.dll
0x00007fff81790000 - 0x00007fff817c5000 	C:\WINDOWS\SYSTEM32\WINMM.dll
0x00007fff88d50000 - 0x00007fff88d6b000 	C:\WINDOWS\SYSTEM32\kernel.appcore.dll
0x00007fff86890000 - 0x00007fff8689a000 	C:\Program Files\Java\jdk-17\bin\jimage.dll
0x00007fff87470000 - 0x00007fff876b1000 	C:\WINDOWS\SYSTEM32\DBGHELP.DLL
0x00007fff8bc10000 - 0x00007fff8bf95000 	C:\WINDOWS\System32\combase.dll
0x00007fff8bfd0000 - 0x00007fff8c0b1000 	C:\WINDOWS\System32\OLEAUT32.dll
0x00007fff645c0000 - 0x00007fff645f9000 	C:\WINDOWS\SYSTEM32\dbgcore.DLL
0x00007fff8a8c0000 - 0x00007fff8a959000 	C:\WINDOWS\System32\bcryptPrimitives.dll
0x00007fff86860000 - 0x00007fff86885000 	C:\Program Files\Java\jdk-17\bin\java.dll
0x00007fff43780000 - 0x00007fff43857000 	C:\Program Files\Java\jdk-17\bin\jsvml.dll
0x00007fff8aee0000 - 0x00007fff8b622000 	C:\WINDOWS\System32\SHELL32.dll
0x00007fff8a5c0000 - 0x00007fff8a734000 	C:\WINDOWS\System32\wintypes.dll
0x00007fff87bc0000 - 0x00007fff88418000 	C:\WINDOWS\SYSTEM32\windows.storage.dll
0x00007fff8c920000 - 0x00007fff8ca11000 	C:\WINDOWS\System32\SHCORE.dll
0x00007fff8c360000 - 0x00007fff8c3ca000 	C:\WINDOWS\System32\shlwapi.dll
0x00007fff89ea0000 - 0x00007fff89ecf000 	C:\WINDOWS\SYSTEM32\profapi.dll
0x00007fff86840000 - 0x00007fff86859000 	C:\Program Files\Java\jdk-17\bin\net.dll
0x00007fff7be20000 - 0x00007fff7bf3e000 	C:\WINDOWS\SYSTEM32\WINHTTP.dll
0x00007fff892c0000 - 0x00007fff8932a000 	C:\WINDOWS\system32\mswsock.dll
0x00007fff7b6e0000 - 0x00007fff7b6f6000 	C:\Program Files\Java\jdk-17\bin\nio.dll
0x00007fff778a0000 - 0x00007fff778b8000 	C:\Program Files\Java\jdk-17\bin\zip.dll

dbghelp: loaded successfully - version: 4.0.5 - missing functions: none
symbol engine: initialized successfully - sym options: 0x614 - pdb path: .;C:\Program Files\Java\jdk-17\bin;C:\WINDOWS\SYSTEM32;C:\WINDOWS\WinSxS\amd64_microsoft.windows.common-controls_6595b64144ccf1df_6.0.26100.4202_none_3e0698d4e335f517;C:\Program Files\Java\jdk-17\bin\server

VM Arguments:
jvm_args: -Dserver.port=9006 -Dfile.encoding=UTF-8 -Dstdout.encoding=UTF-8 -Dstderr.encoding=UTF-8 -XX:+ShowCodeDetailsInExceptionMessages 
java_command: com.cognizant.springlearn.springlearnrestapi.SpringLearnRestApiApplication
java_class_path (initial): C:\Users\sowba\java-workspace\spring-learn-rest-api\target\classes;C:\Users\sowba\.m2\repository\org\springframework\boot\spring-boot-starter-web\3.1.3\spring-boot-starter-web-3.1.3.jar;C:\Users\sowba\.m2\repository\org\springframework\boot\spring-boot-starter\3.1.3\spring-boot-starter-3.1.3.jar;C:\Users\sowba\.m2\repository\org\springframework\boot\spring-boot-starter-logging\3.1.3\spring-boot-starter-logging-3.1.3.jar;C:\Users\sowba\.m2\repository\ch\qos\logback\logback-classic\1.4.11\logback-classic-1.4.11.jar;C:\Users\sowba\.m2\repository\ch\qos\logback\logback-core\1.4.11\logback-core-1.4.11.jar;C:\Users\sowba\.m2\repository\org\apache\logging\log4j\log4j-to-slf4j\2.20.0\log4j-to-slf4j-2.20.0.jar;C:\Users\sowba\.m2\repository\org\apache\logging\log4j\log4j-api\2.20.0\log4j-api-2.20.0.jar;C:\Users\sowba\.m2\repository\org\slf4j\jul-to-slf4j\2.0.7\jul-to-slf4j-2.0.7.jar;C:\Users\sowba\.m2\repository\jakarta\annotation\jakarta.annotation-api\2.1.1\jakarta.annotation-api-2.1.1.jar;C:\Users\sowba\.m2\repository\org\yaml\snakeyaml\1.33\snakeyaml-1.33.jar;C:\Users\sowba\.m2\repository\org\springframework\boot\spring-boot-starter-json\3.1.3\spring-boot-starter-json-3.1.3.jar;C:\Users\sowba\.m2\repository\com\fasterxml\jackson\datatype\jackson-datatype-jdk8\2.15.2\jackson-datatype-jdk8-2.15.2.jar;C:\Users\sowba\.m2\repository\com\fasterxml\jackson\datatype\jackson-datatype-jsr310\2.15.2\jackson-datatype-jsr310-2.15.2.jar;C:\Users\sowba\.m2\repository\com\fasterxml\jackson\module\jackson-module-parameter-names\2.15.2\jackson-module-parameter-names-2.15.2.jar;C:\Users\sowba\.m2\repository\org\springframework\boot\spring-boot-starter-tomcat\3.1.3\spring-boot-starter-tomcat-3.1.3.jar;C:\Users\sowba\.m2\repository\org\apache\tomcat\embed\tomcat-embed-core\10.1.12\tomcat-embed-core-10.1.12.jar;C:\Users\sowba\.m2\repository\org\apache\tomcat\embed\tomcat-embed-el\10.1.12\tomcat-embed-el-10.1.12.jar;C:\Users\sowba\.m2\repository\org\apache\tomcat\em
Launcher Type: SUN_STANDARD

[Global flags]
     intx CICompilerCount                          = 3                                         {product} {ergonomic}
     uint ConcGCThreads                            = 1                                         {product} {ergonomic}
     uint G1ConcRefinementThreads                  = 4                                         {product} {ergonomic}
   size_t G1HeapRegionSize                         = 2097152                                   {product} {ergonomic}
    uintx GCDrainStackTargetSize                   = 64                                        {product} {ergonomic}
   size_t InitialHeapSize                          = 264241152                                 {product} {ergonomic}
   size_t MarkStackSize                            = 4194304                                   {product} {ergonomic}
   size_t MaxHeapSize                              = 4202692608                                {product} {ergonomic}
   size_t MaxNewSize                               = 2520776704                                {product} {ergonomic}
   size_t MinHeapDeltaBytes                        = 2097152                                   {product} {ergonomic}
   size_t MinHeapSize                              = 8388608                                   {product} {ergonomic}
    uintx NonNMethodCodeHeapSize                   = 5832780                                {pd product} {ergonomic}
    uintx NonProfiledCodeHeapSize                  = 122912730                              {pd product} {ergonomic}
    uintx ProfiledCodeHeapSize                     = 122912730                              {pd product} {ergonomic}
    uintx ReservedCodeCacheSize                    = 251658240                              {pd product} {ergonomic}
     bool SegmentedCodeCache                       = true                                      {product} {ergonomic}
     bool ShowCodeDetailsInExceptionMessages       = true                                   {manageable} {command line}
   size_t SoftMaxHeapSize                          = 4202692608                             {manageable} {ergonomic}
     bool UseCompressedClassPointers               = true                           {product lp64_product} {ergonomic}
     bool UseCompressedOops                        = true                           {product lp64_product} {ergonomic}
     bool UseG1GC                                  = true                                      {product} {ergonomic}
     bool UseLargePagesIndividualAllocation        = false                                  {pd product} {ergonomic}

Logging:
Log output configuration:
 #0: stdout all=warning uptime,level,tags
 #1: stderr all=off uptime,level,tags

Environment Variables:
PATH=C:/Users/sowba/.p2/pool/plugins/org.eclipse.justj.openjdk.hotspot.jre.full.win32.x86_64_23.0.2.v20250131-0604/jre/bin/server;C:/Users/sowba/.p2/pool/plugins/org.eclipse.justj.openjdk.hotspot.jre.full.win32.x86_64_23.0.2.v20250131-0604/jre/bin;C:\Python313\Scripts\;C:\Python313\;C:\Program Files\Java\jdk-17\bin;C:\WINDOWS\system32;C:\WINDOWS;C:\WINDOWS\System32\Wbem;C:\WINDOWS\System32\WindowsPowerShell\v1.0\;C:\WINDOWS\System32\OpenSSH\;C:\Program Files\HP\HP One Agent;C:\Program Files\dotnet\;C:\Program Files (x86)\IVI Foundation\VISA\WinNT\Bin\;C:\Program Files\IVI Foundation\VISA\Win64\Bin\;C:\Program Files (x86)\IVI Foundation\VISA\WinNT\Bin;C:\Program Files (x86)\IVI Foundation\IVI\Bin\;C:\Program Files\IVI Foundation\IVI\Bin\;C:\Program Files\Java\jdk-22\bin;C:\Program Files\Java\jre1.8.0_421\bin;C:\Program Files\nodejs\;C:\ProgramData\chocolatey\bin;C:\WINDOWS\system32;C:\WINDOWS;C:\WINDOWS\System32\Wbem;C:\WINDOWS\System32\WindowsPowerShell\v1.0\;C:\WINDOWS\System32\OpenSSH\;C:\Program Files (x86)\Microsoft SQL Server\160\DTS\Binn\;C:\Program Files (x86)\Microsoft SQL Server\160\Tools\Binn\;C:\Program Files\Microsoft SQL Server\160\Tools\Binn\;C:\Program Files\Microsoft SQL Server\Client SDK\ODBC\170\Tools\Binn\;C:\Program Files\Microsoft SQL Server\160\DTS\Binn\;C:\Program Files\Azure Data Studio\bin;C:\Program Files\Git\cmd;D:\apps\maven\apache-maven-3.9.10\bin;C:\Program Files\MySQL\MySQL Shell 8.0\bin\;C:\Users\sowba\OneDrive\Desktop\python\Scripts\;C:\Users\sowba\OneDrive\Desktop\python\;C:\Users\sowba\AppData\Local\Microsoft\WindowsApps;C:\Users\sowba\AppData\Local\Programs\Microsoft VS Code\bin;C:\platform-tools;C:\Users\sowba\AppData\Roaming\npm;;C:\Program Files\Azure Data Studio\bin;C:\WINDOWS\system32;
USERNAME=sowbi
OS=Windows_NT
PROCESSOR_IDENTIFIER=Intel64 Family 6 Model 140 Stepping 1, GenuineIntel



---------------  S Y S T E M  ---------------

OS:
 Windows 11 , 64 bit Build 26100 (10.0.26100.4202)
OS uptime: 0 days 23:51 hours
Hyper-V role detected

CPU: total 4 (initial active 4) (2 cores per cpu, 2 threads per core) family 6 model 140 stepping 1 microcode 0xb4, cx8, cmov, fxsr, ht, mmx, 3dnowpref, sse, sse2, sse3, ssse3, sse4.1, sse4.2, popcnt, lzcnt, tsc, tscinvbit, avx, avx2, aes, erms, clmul, bmi1, bmi2, adx, avx512f, avx512dq, avx512cd, avx512bw, avx512vl, sha, fma, vzeroupper, avx512_vpopcntdq, avx512_vpclmulqdq, avx512_vaes, avx512_vnni, clflush, clflushopt, clwb, avx512_vbmi2, avx512_vbmi, hv

Memory: 4k page, system-wide physical 16026M (2055M free)
TotalPageFile size 25390M (AvailPageFile size 3M)
current process WorkingSet (physical memory assigned to process): 39M, peak: 39M
current process commit charge ("private bytes"): 329M, peak: 329M

vm_info: Java HotSpot(TM) 64-Bit Server VM (17.0.13+10-LTS-268) for windows-amd64 JRE (17.0.13+10-LTS-268), built on Sep 30 2024 06:33:13 by "mach5one" with MS VC++ 17.6 (VS2022)

END.
